<?xml version="1.0" encoding="UTF-8"?>
<testng-results ignored="0" total="3" passed="3" failed="0" skipped="0">
  <reporter-output>
  </reporter-output>
  <suite started-at="2024-08-20T06:03:46 IST" name="Suite" finished-at="2024-08-20T06:04:16 IST" duration-ms="29903">
    <groups>
      <group name="cucumber">
        <method signature="AbstractTestNGCucumberTests.runScenario(io.cucumber.testng.PickleWrapper,io.cucumber.testng.FeatureWrapper)[pri:0, instance:runner.TestRunner@2b71e916]" name="runScenario" class="io.cucumber.testng.AbstractTestNGCucumberTests"/>
      </group> <!-- cucumber -->
    </groups>
    <test started-at="2024-08-20T06:03:46 IST" name="Test" finished-at="2024-08-20T06:04:16 IST" duration-ms="29903">
      <class name="runner.TestRunner">
        <test-method is-config="true" signature="setUpClass(org.testng.ITestContext)[pri:0, instance:runner.TestRunner@2b71e916]" started-at="2024-08-20T06:03:46 IST" name="setUpClass" finished-at="2024-08-20T06:03:47 IST" duration-ms="662" status="PASS">
          <params>
            <param index="0">
              <value>
                <![CDATA[org.testng.TestRunner@34136bd1]]>
              </value>
            </param>
          </params>
          <reporter-output>
          </reporter-output>
        </test-method> <!-- setUpClass -->
        <test-method signature="runScenario(io.cucumber.testng.PickleWrapper,io.cucumber.testng.FeatureWrapper)[pri:0, instance:runner.TestRunner@2b71e916]" started-at="2024-08-20T06:03:47 IST" name="runScenario" description="Runs Cucumber Scenarios" data-provider="scenarios" finished-at="2024-08-20T06:03:56 IST" duration-ms="8646" status="PASS">
          <params>
            <param index="0">
              <value>
                <![CDATA["Test login functionality"]]>
              </value>
            </param>
            <param index="1">
              <value>
                <![CDATA["Login Functionality test using Data Driven"]]>
              </value>
            </param>
          </params>
          <reporter-output>
          </reporter-output>
        </test-method> <!-- runScenario -->
        <test-method signature="runScenario(io.cucumber.testng.PickleWrapper,io.cucumber.testng.FeatureWrapper)[pri:0, instance:runner.TestRunner@2b71e916]" started-at="2024-08-20T06:03:56 IST" name="runScenario" description="Runs Cucumber Scenarios" data-provider="scenarios" finished-at="2024-08-20T06:04:04 IST" duration-ms="8809" status="PASS">
          <params>
            <param index="0">
              <value>
                <![CDATA["Verifying form"]]>
              </value>
            </param>
            <param index="1">
              <value>
                <![CDATA["Test the Form input fields"]]>
              </value>
            </param>
          </params>
          <reporter-output>
          </reporter-output>
        </test-method> <!-- runScenario -->
        <test-method signature="runScenario(io.cucumber.testng.PickleWrapper,io.cucumber.testng.FeatureWrapper)[pri:0, instance:runner.TestRunner@2b71e916]" started-at="2024-08-20T06:04:04 IST" name="runScenario" description="Runs Cucumber Scenarios" data-provider="scenarios" finished-at="2024-08-20T06:04:12 IST" duration-ms="7952" status="PASS">
          <params>
            <param index="0">
              <value>
                <![CDATA["Verifying form"]]>
              </value>
            </param>
            <param index="1">
              <value>
                <![CDATA["Test the Form input fields"]]>
              </value>
            </param>
          </params>
          <reporter-output>
          </reporter-output>
        </test-method> <!-- runScenario -->
        <test-method is-config="true" signature="tearDownClass()[pri:0, instance:runner.TestRunner@2b71e916]" started-at="2024-08-20T06:04:12 IST" name="tearDownClass" finished-at="2024-08-20T06:04:16 IST" duration-ms="3790" status="PASS">
          <reporter-output>
          </reporter-output>
        </test-method> <!-- tearDownClass -->
      </class> <!-- runner.TestRunner -->
    </test> <!-- Test -->
  </suite> <!-- Suite -->
</testng-results>
