<?xml version="1.0" encoding="UTF-8"?>
<testsuite xmlns:xsi="http://www.w3.org/2001/XMLSchema-instance" xsi:noNamespaceSchemaLocation="https://maven.apache.org/surefire/maven-surefire-plugin/xsd/surefire-test-report-3.0.xsd" version="3.0" name="TestSuite" time="30.491" tests="3" errors="0" skipped="0" failures="0">
  <properties>
[...]
</properties>
  <testcase name="runScenario[&quot;Test login functionality&quot;, &quot;Login Functionality test using Data Driven&quot;](1)" classname="runner.TestRunner" time="8.659">
    <system-out><![CDATA[
Scenario Outline: Test login functionality                               # src/test/resources/features/login.feature:11
  Given User is on login page "https://practice.expandtesting.com/login" # stepDefinitions.LoginSteps.user_is_on_login_page(java.lang.String)
  When User enters "practice" and "SuperSecretPassword!"                 # stepDefinitions.LoginSteps.user_enters_username_and_password(java.lang.String,java.lang.String)
  And Click on Login or Submit button                                    # stepDefinitions.LoginSteps.click_on_login_or_submit_button()
  Then User should be logged in successfully                             # stepDefinitions.LoginSteps.user_should_be_logged_in_successfully()
]]></system-out>
    <system-err><![CDATA[SLF4J: Failed to load class "org.slf4j.impl.StaticLoggerBinder".
SLF4J: Defaulting to no-operation (NOP) logger implementation
SLF4J: See http://www.slf4j.org/codes.html#StaticLoggerBinder for further details.
Aug 20, 2024 6:03:49 AM org.openqa.selenium.devtools.CdpVersionFinder findNearestMatch
WARNING: Unable to find an exact match for CDP version 127, returning the closest version; found: 126; Please update to a Selenium version that supports CDP version 127
]]></system-err>
  </testcase>
  <testcase name="runScenario[&quot;Verifying form&quot;, &quot;Test the Form input fields&quot;](2)" classname="runner.TestRunner" time="8.809">
    <system-out><![CDATA[
@testAutomationPracticeForm @FormSubmission
Scenario Outline: Verifying form                                                                 # src/test/resources/features/practiceForm.feature:13
  Given User is on landing page "https://testautomationpractice.blogspot.com/"                   # stepDefinitions.PracticeFormSteps.user_is_on_landing_page(java.lang.String)
  When Enter name: "name1", email: "name1@yopmail.com", phone: "3456789089", address: "address1" # stepDefinitions.PracticeFormSteps.enter_name_email_phone_address(java.lang.String,java.lang.String,java.lang.String,java.lang.String)
Form submitted
  Then Verify gthe success message                                                               # stepDefinitions.PracticeFormSteps.verify_gthe_success_message()
]]></system-out>
    <system-err><![CDATA[Aug 20, 2024 6:03:57 AM org.openqa.selenium.devtools.CdpVersionFinder findNearestMatch
WARNING: Unable to find an exact match for CDP version 127, returning the closest version; found: 126; Please update to a Selenium version that supports CDP version 127
]]></system-err>
  </testcase>
  <testcase name="runScenario[&quot;Verifying form&quot;, &quot;Test the Form input fields&quot;](3)" classname="runner.TestRunner" time="7.948">
    <system-out><![CDATA[
@testAutomationPracticeForm @FormSubmission
Scenario Outline: Verifying form                                                                 # src/test/resources/features/practiceForm.feature:14
  Given User is on landing page "https://testautomationpractice.blogspot.com/"                   # stepDefinitions.PracticeFormSteps.user_is_on_landing_page(java.lang.String)
  When Enter name: "name2", email: "name2@yopmail.com", phone: "5677889989", address: "address2" # stepDefinitions.PracticeFormSteps.enter_name_email_phone_address(java.lang.String,java.lang.String,java.lang.String,java.lang.String)
Form submitted
  Then Verify gthe success message                                                               # stepDefinitions.PracticeFormSteps.verify_gthe_success_message()
]]></system-out>
    <system-err><![CDATA[Aug 20, 2024 6:04:06 AM org.openqa.selenium.devtools.CdpVersionFinder findNearestMatch
WARNING: Unable to find an exact match for CDP version 127, returning the closest version; found: 126; Please update to a Selenium version that supports CDP version 127
]]></system-err>
  </testcase>
</testsuite>